[skip] C:\Users\Administrator\Downloads\摸金小助手1.6\site_yuan1145408\404.html: garble_count=0
[skip] C:\Users\Administrator\Downloads\摸金小助手1.6\site_yuan1145408\android.html: garble_count=0
[fail] C:\Users\Administrator\Downloads\摸金小助手1.6\site_yuan1145408\dns-setup.md: unable_to_fix
[skip] C:\Users\Administrator\Downloads\摸金小助手1.6\site_yuan1145408\downloads.html: garble_count=0
[skip] C:\Users\Administrator\Downloads\摸金小助手1.6\site_yuan1145408\features.html: garble_count=0
[skip] C:\Users\Administrator\Downloads\摸金小助手1.6\site_yuan1145408\games.html: garble_count=0
[skip] C:\Users\Administrator\Downloads\摸金小助手1.6\site_yuan1145408\index.html: garble_count=0
[skip] C:\Users\Administrator\Downloads\摸金小助手1.6\site_yuan1145408\minecraft.html: garble_count=0
[skip] C:\Users\Administrator\Downloads\摸金小助手1.6\site_yuan1145408\official.html: garble_count=0
[skip] C:\Users\Administrator\Downloads\摸金小助手1.6\site_yuan1145408\os.html: garble_count=0
[fail] C:\Users\Administrator\Downloads\摸金小助手1.6\site_yuan1145408\README.md: unable_to_fix
[skip] C:\Users\Administrator\Downloads\摸金小助手1.6\site_yuan1145408\tasks.html: garble_count=0
[fail] C:\Users\Administrator\Downloads\摸金小助手1.6\site_yuan1145408\tutorial-ai.html: unable_to_fix
[fail] C:\Users\Administrator\Downloads\摸金小助手1.6\site_yuan1145408\tutorial-algo.html: unable_to_fix
[skip] C:\Users\Administrator\Downloads\摸金小助手1.6\site_yuan1145408\tutorial-c.html: garble_count=0
[fail] C:\Users\Administrator\Downloads\摸金小助手1.6\site_yuan1145408\tutorial-cp.html: unable_to_fix
[fail] C:\Users\Administrator\Downloads\摸金小助手1.6\site_yuan1145408\tutorial-cpp.html: unable_to_fix
[fail] C:\Users\Administrator\Downloads\摸金小助手1.6\site_yuan1145408\tutorial-csharp.html: unable_to_fix
[fail] C:\Users\Administrator\Downloads\摸金小助手1.6\site_yuan1145408\tutorial-deeplearning.html: unable_to_fix
[skip] C:\Users\Administrator\Downloads\摸金小助手1.6\site_yuan1145408\tutorial-go.html: garble_count=0
[skip] C:\Users\Administrator\Downloads\摸金小助手1.6\site_yuan1145408\tutorial-java.html: garble_count=0
[skip] C:\Users\Administrator\Downloads\摸金小助手1.6\site_yuan1145408\tutorial-js.html: garble_count=0
[skip] C:\Users\Administrator\Downloads\摸金小助手1.6\site_yuan1145408\tutorial-p2c-lsm.html: garble_count=0
[skip] C:\Users\Administrator\Downloads\摸金小助手1.6\site_yuan1145408\tutorial-p2c-mapreduce.html: garble_count=0
[skip] C:\Users\Administrator\Downloads\摸金小助手1.6\site_yuan1145408\tutorial-p2c-raft.html: garble_count=0
[skip] C:\Users\Administrator\Downloads\摸金小助手1.6\site_yuan1145408\tutorial-p2c-resnet.html: garble_count=0
[skip] C:\Users\Administrator\Downloads\摸金小助手1.6\site_yuan1145408\tutorial-p2c-transformer.html: garble_count=0
[fail] C:\Users\Administrator\Downloads\摸金小助手1.6\site_yuan1145408\tutorial-packet.html: unable_to_fix
[fail] C:\Users\Administrator\Downloads\摸金小助手1.6\site_yuan1145408\tutorial-php.html: unable_to_fix
[fail] C:\Users\Administrator\Downloads\摸金小助手1.6\site_yuan1145408\tutorial-project.html: unable_to_fix
[skip] C:\Users\Administrator\Downloads\摸金小助手1.6\site_yuan1145408\tutorial-python.html: garble_count=0
[skip] C:\Users\Administrator\Downloads\摸金小助手1.6\site_yuan1145408\tutorial-rust.html: garble_count=0
[fail] C:\Users\Administrator\Downloads\摸金小助手1.6\site_yuan1145408\tutorial-scraping.html: unable_to_fix
[fail] C:\Users\Administrator\Downloads\摸金小助手1.6\site_yuan1145408\tutorial-shell.html: unable_to_fix
[fail] C:\Users\Administrator\Downloads\摸金小助手1.6\site_yuan1145408\tutorial-sql.html: unable_to_fix
[skip] C:\Users\Administrator\Downloads\摸金小助手1.6\site_yuan1145408\tutorial-theory.html: garble_count=0
[fail] C:\Users\Administrator\Downloads\摸金小助手1.6\site_yuan1145408\tutorial-ts.html: unable_to_fix
[fail] C:\Users\Administrator\Downloads\摸金小助手1.6\site_yuan1145408\tutorial-web.html: unable_to_fix
[skip] C:\Users\Administrator\Downloads\摸金小助手1.6\site_yuan1145408\tutorials.html: garble_count=0
[skip] C:\Users\Administrator\Downloads\摸金小助手1.6\site_yuan1145408\user.html: garble_count=0
[skip] C:\Users\Administrator\Downloads\摸金小助手1.6\site_yuan1145408\vm.html: garble_count=0